# JRE version: OpenJDK Runtime Environment (23.0+14) (build 23-ea+14-1075)
# Java VM: OpenJDK 64-Bit Server VM (23-ea+14-1075, mixed mode, sharing, tiered, compressed oops, compressed class ptrs, g1 gc, windows-amd64)
GC Precious Log:
 CardTable entry size: 512
 Card Set container configuration: InlinePtr #cards 4 size 8 Array Of Cards #cards 32 size 80 Howl #buckets 8 coarsen threshold 7372 Howl Bitmap #cards 1024 size 144 coarsen threshold 921 Card regions per heap region 1 cards per card region 8192
 CPUs: 8 total, 8 available
 Memory: 7868M
 Large Page Support: Disabled
 NUMA Support: Disabled
 Compressed Oops: Enabled (Zero based)
 Heap Region Size: 4M
 Heap Min Capacity: 8M
 Heap Initial Capacity: 124M
 Heap Max Capacity: 4608M
 Pre-touch: Disabled
 Parallel Workers: 8
 Concurrent Workers: 2
 Concurrent Refinement Workers: 8
 Periodic GC: Disabled
Heap:
 garbage-first heap   total reserved 4718592K, committed 131072K, used 78462K [0x00000006e0000000, 0x0000000800000000)
  region size 4096K, 2 young (8192K), 2 survivors (8192K)
 Metaspace       used 67566K, committed 69504K, reserved 1114112K
  class space    used 9380K, committed 10368K, reserved 1048576K
GC Heap History (20 events):
Event: 14.022 GC heap after
{Heap after GC invocations=13 (full 0):
 garbage-first heap   total reserved 4718592K, committed 102400K, used 56884K [0x00000006e0000000, 0x0000000800000000)
  region size 4096K, 2 young (8192K), 2 survivors (8192K)
 Metaspace       used 45196K, committed 46784K, reserved 1114112K
  class space    used 6456K, committed 7232K, reserved 1048576K
}
Event: 15.174 GC heap before
{Heap before GC invocations=13 (full 0):
 garbage-first heap   total reserved 4718592K, committed 102400K, used 85556K [0x00000006e0000000, 0x0000000800000000)
  region size 4096K, 9 young (36864K), 2 survivors (8192K)
 Metaspace       used 49380K, committed 51008K, reserved 1114112K
  class space    used 6960K, committed 7744K, reserved 1048576K
}
Event: 15.178 GC heap after
{Heap after GC invocations=14 (full 0):
 garbage-first heap   total reserved 4718592K, committed 102400K, used 58790K [0x00000006e0000000, 0x0000000800000000)
  region size 4096K, 1 young (4096K), 1 survivors (4096K)
 Metaspace       used 49380K, committed 51008K, reserved 1114112K
  class space    used 6960K, committed 7744K, reserved 1048576K
}
Event: 15.932 GC heap before
{Heap before GC invocations=15 (full 0):
 garbage-first heap   total reserved 4718592K, committed 110592K, used 83366K [0x00000006e0000000, 0x0000000800000000)
  region size 4096K, 7 young (28672K), 1 survivors (4096K)
 Metaspace       used 53504K, committed 55104K, reserved 1114112K
  class space    used 7468K, committed 8256K, reserved 1048576K
}
Event: 15.936 GC heap after
{Heap after GC invocations=16 (full 0):
 garbage-first heap   total reserved 4718592K, committed 110592K, used 60035K [0x00000006e0000000, 0x0000000800000000)
  region size 4096K, 1 young (4096K), 1 survivors (4096K)
 Metaspace       used 53504K, committed 55104K, reserved 1114112K
  class space    used 7468K, committed 8256K, reserved 1048576K
}
Event: 16.776 GC heap before
{Heap before GC invocations=16 (full 0):
 garbage-first heap   total reserved 4718592K, committed 110592K, used 88707K [0x00000006e0000000, 0x0000000800000000)
  region size 4096K, 9 young (36864K), 1 survivors (4096K)
 Metaspace       used 57142K, committed 58816K, reserved 1114112K
  class space    used 7920K, committed 8704K, reserved 1048576K
}
Event: 16.785 GC heap after
{Heap after GC invocations=17 (full 0):
 garbage-first heap   total reserved 4718592K, committed 110592K, used 63155K [0x00000006e0000000, 0x0000000800000000)
  region size 4096K, 2 young (8192K), 2 survivors (8192K)
 Metaspace       used 57142K, committed 58816K, reserved 1114112K
  class space    used 7920K, committed 8704K, reserved 1048576K
}
Event: 17.409 GC heap before
{Heap before GC invocations=17 (full 0):
 garbage-first heap   total reserved 4718592K, committed 110592K, used 91827K [0x00000006e0000000, 0x0000000800000000)
  region size 4096K, 9 young (36864K), 2 survivors (8192K)
 Metaspace       used 59466K, committed 61120K, reserved 1114112K
  class space    used 8221K, committed 9024K, reserved 1048576K
}
Event: 17.415 GC heap after
{Heap after GC invocations=18 (full 0):
 garbage-first heap   total reserved 4718592K, committed 110592K, used 65281K [0x00000006e0000000, 0x0000000800000000)
  region size 4096K, 2 young (8192K), 2 survivors (8192K)
 Metaspace       used 59466K, committed 61120K, reserved 1114112K
  class space    used 8221K, committed 9024K, reserved 1048576K
}
Event: 17.950 GC heap before
{Heap before GC invocations=19 (full 0):
 garbage-first heap   total reserved 4718592K, committed 118784K, used 89857K [0x00000006e0000000, 0x0000000800000000)
  region size 4096K, 8 young (32768K), 2 survivors (8192K)
 Metaspace       used 61645K, committed 63360K, reserved 1114112K
  class space    used 8486K, committed 9280K, reserved 1048576K
}
Event: 17.957 GC heap after
{Heap after GC invocations=20 (full 0):
 garbage-first heap   total reserved 4718592K, committed 118784K, used 66861K [0x00000006e0000000, 0x0000000800000000)
  region size 4096K, 1 young (4096K), 1 survivors (4096K)
 Metaspace       used 61645K, committed 63360K, reserved 1114112K
  class space    used 8486K, committed 9280K, reserved 1048576K
}
Event: 19.394 GC heap before
{Heap before GC invocations=20 (full 0):
 garbage-first heap   total reserved 4718592K, committed 118784K, used 103725K [0x00000006e0000000, 0x0000000800000000)
  region size 4096K, 10 young (40960K), 1 survivors (4096K)
 Metaspace       used 63608K, committed 65280K, reserved 1114112K
  class space    used 8742K, committed 9536K, reserved 1048576K
}
Event: 19.400 GC heap after
{Heap after GC invocations=21 (full 0):
 garbage-first heap   total reserved 4718592K, committed 118784K, used 69075K [0x00000006e0000000, 0x0000000800000000)
  region size 4096K, 2 young (8192K), 2 survivors (8192K)
 Metaspace       used 63608K, committed 65280K, reserved 1114112K
  class space    used 8742K, committed 9536K, reserved 1048576K
}
Event: 20.004 GC heap before
{Heap before GC invocations=22 (full 0):
 garbage-first heap   total reserved 4718592K, committed 122880K, used 97747K [0x00000006e0000000, 0x0000000800000000)
  region size 4096K, 9 young (36864K), 2 survivors (8192K)
 Metaspace       used 64358K, committed 66176K, reserved 1114112K
  class space    used 8863K, committed 9728K, reserved 1048576K
}
Event: 20.012 GC heap after
{Heap after GC invocations=23 (full 0):
 garbage-first heap   total reserved 4718592K, committed 122880K, used 72569K [0x00000006e0000000, 0x0000000800000000)
  region size 4096K, 2 young (8192K), 2 survivors (8192K)
 Metaspace       used 64358K, committed 66176K, reserved 1114112K
  class space    used 8863K, committed 9728K, reserved 1048576K
}
Event: 20.530 GC heap before
{Heap before GC invocations=23 (full 0):
 garbage-first heap   total reserved 4718592K, committed 122880K, used 101241K [0x00000006e0000000, 0x0000000800000000)
  region size 4096K, 10 young (40960K), 2 survivors (8192K)
 Metaspace       used 65141K, committed 67008K, reserved 1114112K
  class space    used 9019K, committed 9920K, reserved 1048576K
}
Event: 20.538 GC heap after
{Heap after GC invocations=24 (full 0):
 garbage-first heap   total reserved 4718592K, committed 122880K, used 73025K [0x00000006e0000000, 0x0000000800000000)
  region size 4096K, 2 young (8192K), 2 survivors (8192K)
 Metaspace       used 65141K, committed 67008K, reserved 1114112K
  class space    used 9019K, committed 9920K, reserved 1048576K
}
Event: 20.812 GC heap before
{Heap before GC invocations=25 (full 0):
 garbage-first heap   total reserved 4718592K, committed 131072K, used 97601K [0x00000006e0000000, 0x0000000800000000)
  region size 4096K, 8 young (32768K), 2 survivors (8192K)
 Metaspace       used 65330K, committed 67264K, reserved 1114112K
  class space    used 9055K, committed 9984K, reserved 1048576K
}
Event: 20.819 GC heap after
{Heap after GC invocations=26 (full 0):
 garbage-first heap   total reserved 4718592K, committed 131072K, used 74678K [0x00000006e0000000, 0x0000000800000000)
  region size 4096K, 1 young (4096K), 1 survivors (4096K)
 Metaspace       used 65330K, committed 67264K, reserved 1114112K
  class space    used 9055K, committed 9984K, reserved 1048576K
}
Event: 21.787 GC heap before
{Heap before GC invocations=26 (full 0):
 garbage-first heap   total reserved 4718592K, committed 131072K, used 111542K [0x00000006e0000000, 0x0000000800000000)
  region size 4096K, 10 young (40960K), 1 survivors (4096K)
 Metaspace       used 67566K, committed 69504K, reserved 1114112K
  class space    used 9380K, committed 10368K, reserved 1048576K
}

